2015-05-05 17:29:46,092 Performance - ---------------------------------------------------
CPU Usage: 0.00%, Physical Memory Usage: 62,169,088.00, Total Thread Count: 25
AvailableWorkingThreads: 32766, AvailableCompletionPortThreads: 1000
MaxWorkingThreads: 32767, MaxCompletionPortThreads: 1000
EchoServer ----------------------------------
Started Time: 2015-05-05 17:29:45
Is Running: True
Total Connections: 0
Maximum Allowed Connection Number: 10000
Total Handled Requests: 0
Request Handling Speed (#/second): 0
Avialable Sending Queue Items: 1,666
Total Sending Queue Items: 1,666

2015-05-05 17:56:48,322 Performance - ---------------------------------------------------
CPU Usage: 0.00%, Physical Memory Usage: 61,882,368.00, Total Thread Count: 26
AvailableWorkingThreads: 32766, AvailableCompletionPortThreads: 1000
MaxWorkingThreads: 32767, MaxCompletionPortThreads: 1000
EchoServer ----------------------------------
Started Time: 2015-05-05 17:56:48
Is Running: True
Total Connections: 0
Maximum Allowed Connection Number: 10000
Total Handled Requests: 0
Request Handling Speed (#/second): 0
Avialable Sending Queue Items: 1,666
Total Sending Queue Items: 1,666

2015-05-05 18:10:30,500 Performance - ---------------------------------------------------
CPU Usage: 0.00%, Physical Memory Usage: 62,038,016.00, Total Thread Count: 25
AvailableWorkingThreads: 32766, AvailableCompletionPortThreads: 1000
MaxWorkingThreads: 32767, MaxCompletionPortThreads: 1000
EchoServer ----------------------------------
Started Time: 2015-05-05 18:10:30
Is Running: True
Total Connections: 0
Maximum Allowed Connection Number: 10000
Total Handled Requests: 0
Request Handling Speed (#/second): 0
Avialable Sending Queue Items: 1,666
Total Sending Queue Items: 1,666

2015-05-05 18:12:52,138 Performance - ---------------------------------------------------
CPU Usage: 0.00%, Physical Memory Usage: 63,299,584.00, Total Thread Count: 25
AvailableWorkingThreads: 32766, AvailableCompletionPortThreads: 1000
MaxWorkingThreads: 32767, MaxCompletionPortThreads: 1000
EchoServer ----------------------------------
Started Time: 2015-05-05 18:12:52
Is Running: True
Total Connections: 0
Maximum Allowed Connection Number: 10000
Total Handled Requests: 0
Request Handling Speed (#/second): 0
Avialable Sending Queue Items: 1,666
Total Sending Queue Items: 1,666

2015-05-05 18:19:51,227 Performance - ---------------------------------------------------
CPU Usage: 0.00%, Physical Memory Usage: 62,394,368.00, Total Thread Count: 26
AvailableWorkingThreads: 32766, AvailableCompletionPortThreads: 1000
MaxWorkingThreads: 32767, MaxCompletionPortThreads: 1000
EchoServer ----------------------------------
Started Time: 2015-05-05 18:19:51
Is Running: True
Total Connections: 0
Maximum Allowed Connection Number: 10000
Total Handled Requests: 0
Request Handling Speed (#/second): 0
Avialable Sending Queue Items: 1,666
Total Sending Queue Items: 1,666

2015-05-06 16:16:10,355 Performance - ---------------------------------------------------
CPU Usage: 0.00%, Physical Memory Usage: 62,091,264.00, Total Thread Count: 25
AvailableWorkingThreads: 32766, AvailableCompletionPortThreads: 1000
MaxWorkingThreads: 32767, MaxCompletionPortThreads: 1000
RainfallServer ----------------------------------
Started Time: 2015-05-06 16:16:10
Is Running: True
Total Connections: 0
Maximum Allowed Connection Number: 10000
Total Handled Requests: 0
Request Handling Speed (#/second): 0
Avialable Sending Queue Items: 1,666
Total Sending Queue Items: 1,666

2015-05-06 16:17:10,319 Performance - ---------------------------------------------------
CPU Usage: 0.02%, Physical Memory Usage: 63,266,816.00, Total Thread Count: 27
AvailableWorkingThreads: 32766, AvailableCompletionPortThreads: 1000
MaxWorkingThreads: 32767, MaxCompletionPortThreads: 1000
RainfallServer ----------------------------------
Started Time: 2015-05-06 16:16:10
Is Running: True
Total Connections: 0
Maximum Allowed Connection Number: 10000
Total Handled Requests: 0
Request Handling Speed (#/second): 0
Avialable Sending Queue Items: 1,666
Total Sending Queue Items: 1,666

2015-05-06 16:18:10,332 Performance - ---------------------------------------------------
CPU Usage: 0.00%, Physical Memory Usage: 63,705,088.00, Total Thread Count: 25
AvailableWorkingThreads: 32766, AvailableCompletionPortThreads: 1000
MaxWorkingThreads: 32767, MaxCompletionPortThreads: 1000
RainfallServer ----------------------------------
Started Time: 2015-05-06 16:16:10
Is Running: True
Total Connections: 0
Maximum Allowed Connection Number: 10000
Total Handled Requests: 0
Request Handling Speed (#/second): 0
Avialable Sending Queue Items: 1,666
Total Sending Queue Items: 1,666

2015-05-06 16:19:10,346 Performance - ---------------------------------------------------
CPU Usage: 0.00%, Physical Memory Usage: 64,114,688.00, Total Thread Count: 24
AvailableWorkingThreads: 32766, AvailableCompletionPortThreads: 1000
MaxWorkingThreads: 32767, MaxCompletionPortThreads: 1000
RainfallServer ----------------------------------
Started Time: 2015-05-06 16:16:10
Is Running: True
Total Connections: 0
Maximum Allowed Connection Number: 10000
Total Handled Requests: 0
Request Handling Speed (#/second): 0
Avialable Sending Queue Items: 1,666
Total Sending Queue Items: 1,666

2015-05-06 16:20:10,359 Performance - ---------------------------------------------------
CPU Usage: 0.00%, Physical Memory Usage: 64,610,304.00, Total Thread Count: 26
AvailableWorkingThreads: 32766, AvailableCompletionPortThreads: 1000
MaxWorkingThreads: 32767, MaxCompletionPortThreads: 1000
RainfallServer ----------------------------------
Started Time: 2015-05-06 16:16:10
Is Running: True
Total Connections: 0
Maximum Allowed Connection Number: 10000
Total Handled Requests: 0
Request Handling Speed (#/second): 0
Avialable Sending Queue Items: 1,666
Total Sending Queue Items: 1,666

2015-05-06 16:21:10,373 Performance - ---------------------------------------------------
CPU Usage: 0.00%, Physical Memory Usage: 65,040,384.00, Total Thread Count: 25
AvailableWorkingThreads: 32766, AvailableCompletionPortThreads: 1000
MaxWorkingThreads: 32767, MaxCompletionPortThreads: 1000
RainfallServer ----------------------------------
Started Time: 2015-05-06 16:16:10
Is Running: True
Total Connections: 0
Maximum Allowed Connection Number: 10000
Total Handled Requests: 0
Request Handling Speed (#/second): 0
Avialable Sending Queue Items: 1,666
Total Sending Queue Items: 1,666

2015-05-06 16:23:09,698 Performance - ---------------------------------------------------
CPU Usage: 0.00%, Physical Memory Usage: 62,341,120.00, Total Thread Count: 26
AvailableWorkingThreads: 32766, AvailableCompletionPortThreads: 1000
MaxWorkingThreads: 32767, MaxCompletionPortThreads: 1000
RainfallServer ----------------------------------
Started Time: 2015-05-06 16:23:09
Is Running: True
Total Connections: 0
Maximum Allowed Connection Number: 10000
Total Handled Requests: 0
Request Handling Speed (#/second): 0
Avialable Sending Queue Items: 1,666
Total Sending Queue Items: 1,666

2015-05-06 16:23:41,460 Performance - ---------------------------------------------------
CPU Usage: 0.00%, Physical Memory Usage: 62,189,568.00, Total Thread Count: 26
AvailableWorkingThreads: 32766, AvailableCompletionPortThreads: 1000
MaxWorkingThreads: 32767, MaxCompletionPortThreads: 1000
RainfallServer ----------------------------------
Started Time: 2015-05-06 16:23:41
Is Running: True
Total Connections: 0
Maximum Allowed Connection Number: 10000
Total Handled Requests: 0
Request Handling Speed (#/second): 0
Avialable Sending Queue Items: 1,666
Total Sending Queue Items: 1,666

